# JRE version: OpenJDK Runtime Environment (8.0_242) (build 1.8.0_242-release-1644-b3-6222593)
# Java VM: OpenJDK 64-Bit Server VM (25.242-b3-6222593 mixed mode bsd-amd64 compressed oops)
Heap:
 PSYoungGen      total 45056K, used 38346K [0x0000000795580000, 0x0000000799000000, 0x00000007c0000000)
  eden space 31232K, 88% used [0x0000000795580000,0x0000000797072d10,0x0000000797400000)
  from space 13824K, 77% used [0x0000000798200000,0x0000000798c7fd68,0x0000000798f80000)
  to   space 14336K, 0% used [0x0000000797400000,0x0000000797400000,0x0000000798200000)
 ParOldGen       total 87552K, used 22257K [0x0000000740000000, 0x0000000745580000, 0x0000000795580000)
  object space 87552K, 25% used [0x0000000740000000,0x00000007415bc778,0x0000000745580000)
 Metaspace       used 15425K, capacity 15597K, committed 16000K, reserved 1062912K
  class space    used 1507K, capacity 1573K, committed 1664K, reserved 1048576K
GC Heap History (10 events):
Event: 131.333 GC heap before
{Heap before GC invocations=4 (full 0):
 PSYoungGen      total 38400K, used 38357K [0x0000000795580000, 0x0000000798000000, 0x00000007c0000000)
  eden space 33280K, 100% used [0x0000000795580000,0x0000000797600000,0x0000000797600000)
  from space 5120K, 99% used [0x0000000797600000,0x0000000797af56a8,0x0000000797b00000)
  to   space 5120K, 0% used [0x0000000797b00000,0x0000000797b00000,0x0000000798000000)
 ParOldGen       total 87552K, used 9926K [0x0000000740000000, 0x0000000745580000, 0x0000000795580000)
  object space 87552K, 11% used [0x0000000740000000,0x00000007409b1900,0x0000000745580000)
 Metaspace       used 14471K, capacity 14631K, committed 14848K, reserved 1062912K
  class space    used 1446K, capacity 1508K, committed 1536K, reserved 1048576K
Event: 131.341 GC heap after
Heap after GC invocations=4 (full 0):
 PSYoungGen      total 38400K, used 5112K [0x0000000795580000, 0x0000000798000000, 0x00000007c0000000)
  eden space 33280K, 0% used [0x0000000795580000,0x0000000795580000,0x0000000797600000)
  from space 5120K, 99% used [0x0000000797b00000,0x0000000797ffe078,0x0000000798000000)
  to   space 5120K, 0% used [0x0000000797600000,0x0000000797600000,0x0000000797b00000)
 ParOldGen       total 87552K, used 12669K [0x0000000740000000, 0x0000000745580000, 0x0000000795580000)
  object space 87552K, 14% used [0x0000000740000000,0x0000000740c5f4e0,0x0000000745580000)
 Metaspace       used 14471K, capacity 14631K, committed 14848K, reserved 1062912K
  class space    used 1446K, capacity 1508K, committed 1536K, reserved 1048576K
}
Event: 135.633 GC heap before
{Heap before GC invocations=5 (full 0):
 PSYoungGen      total 38400K, used 38392K [0x0000000795580000, 0x0000000798000000, 0x00000007c0000000)
  eden space 33280K, 100% used [0x0000000795580000,0x0000000797600000,0x0000000797600000)
  from space 5120K, 99% used [0x0000000797b00000,0x0000000797ffe078,0x0000000798000000)
  to   space 5120K, 0% used [0x0000000797600000,0x0000000797600000,0x0000000797b00000)
 ParOldGen       total 87552K, used 12669K [0x0000000740000000, 0x0000000745580000, 0x0000000795580000)
  object space 87552K, 14% used [0x0000000740000000,0x0000000740c5f4e0,0x0000000745580000)
 Metaspace       used 14590K, capacity 14759K, committed 15104K, reserved 1062912K
  class space    used 1447K, capacity 1508K, committed 1536K, reserved 1048576K
Event: 135.642 GC heap after
Heap after GC invocations=5 (full 0):
 PSYoungGen      total 37888K, used 5116K [0x0000000795580000, 0x0000000799080000, 0x00000007c0000000)
  eden space 32768K, 0% used [0x0000000795580000,0x0000000795580000,0x0000000797580000)
  from space 5120K, 99% used [0x0000000797600000,0x0000000797aff098,0x0000000797b00000)
  to   space 13824K, 0% used [0x0000000798300000,0x0000000798300000,0x0000000799080000)
 ParOldGen       total 87552K, used 18902K [0x0000000740000000, 0x0000000745580000, 0x0000000795580000)
  object space 87552K, 21% used [0x0000000740000000,0x00000007412759d8,0x0000000745580000)
 Metaspace       used 14590K, capacity 14759K, committed 15104K, reserved 1062912K
  class space    used 1447K, capacity 1508K, committed 1536K, reserved 1048576K
}
Event: 155.039 GC heap before
{Heap before GC invocations=6 (full 0):
 PSYoungGen      total 37888K, used 37884K [0x0000000795580000, 0x0000000799080000, 0x00000007c0000000)
  eden space 32768K, 100% used [0x0000000795580000,0x0000000797580000,0x0000000797580000)
  from space 5120K, 99% used [0x0000000797600000,0x0000000797aff098,0x0000000797b00000)
  to   space 13824K, 0% used [0x0000000798300000,0x0000000798300000,0x0000000799080000)
 ParOldGen       total 87552K, used 18902K [0x0000000740000000, 0x0000000745580000, 0x0000000795580000)
  object space 87552K, 21% used [0x0000000740000000,0x00000007412759d8,0x0000000745580000)
 Metaspace       used 14796K, capacity 14983K, committed 15232K, reserved 1062912K
  class space    used 1462K, capacity 1540K, committed 1664K, reserved 1048576K
Event: 155.044 GC heap after
Heap after GC invocations=6 (full 0):
 PSYoungGen      total 45568K, used 5056K [0x0000000795580000, 0x0000000799000000, 0x00000007c0000000)
  eden space 32256K, 0% used [0x0000000795580000,0x0000000795580000,0x0000000797500000)
  from space 13312K, 37% used [0x0000000798300000,0x00000007987f0240,0x0000000799000000)
  to   space 13824K, 0% used [0x0000000797500000,0x0000000797500000,0x0000000798280000)
 ParOldGen       total 87552K, used 18910K [0x0000000740000000, 0x0000000745580000, 0x0000000795580000)
  object space 87552K, 21% used [0x0000000740000000,0x00000007412779d8,0x0000000745580000)
 Metaspace       used 14796K, capacity 14983K, committed 15232K, reserved 1062912K
  class space    used 1462K, capacity 1540K, committed 1664K, reserved 1048576K
}
Event: 289.982 GC heap before
{Heap before GC invocations=7 (full 0):
 PSYoungGen      total 45568K, used 37312K [0x0000000795580000, 0x0000000799000000, 0x00000007c0000000)
  eden space 32256K, 100% used [0x0000000795580000,0x0000000797500000,0x0000000797500000)
  from space 13312K, 37% used [0x0000000798300000,0x00000007987f0240,0x0000000799000000)
  to   space 13824K, 0% used [0x0000000797500000,0x0000000797500000,0x0000000798280000)
 ParOldGen       total 87552K, used 18910K [0x0000000740000000, 0x0000000745580000, 0x0000000795580000)
  object space 87552K, 21% used [0x0000000740000000,0x00000007412779d8,0x0000000745580000)
 Metaspace       used 14897K, capacity 15117K, committed 15488K, reserved 1062912K
  class space    used 1463K, capacity 1541K, committed 1664K, reserved 1048576K
Event: 289.990 GC heap after
Heap after GC invocations=7 (full 0):
 PSYoungGen      total 37888K, used 5936K [0x0000000795580000, 0x0000000798f80000, 0x00000007c0000000)
  eden space 31744K, 0% used [0x0000000795580000,0x0000000795580000,0x0000000797480000)
  from space 6144K, 96% used [0x0000000797500000,0x0000000797acc1c0,0x0000000797b00000)
  to   space 13824K, 0% used [0x0000000798200000,0x0000000798200000,0x0000000798f80000)
 ParOldGen       total 87552K, used 20439K [0x0000000740000000, 0x0000000745580000, 0x0000000795580000)
  object space 87552K, 23% used [0x0000000740000000,0x00000007413f5c68,0x0000000745580000)
 Metaspace       used 14897K, capacity 15117K, committed 15488K, reserved 1062912K
  class space    used 1463K, capacity 1541K, committed 1664K, reserved 1048576K
}
Event: 294.381 GC heap before
{Heap before GC invocations=8 (full 0):
 PSYoungGen      total 37888K, used 37680K [0x0000000795580000, 0x0000000798f80000, 0x00000007c0000000)
  eden space 31744K, 100% used [0x0000000795580000,0x0000000797480000,0x0000000797480000)
  from space 6144K, 96% used [0x0000000797500000,0x0000000797acc1c0,0x0000000797b00000)
  to   space 13824K, 0% used [0x0000000798200000,0x0000000798200000,0x0000000798f80000)
 ParOldGen       total 87552K, used 20439K [0x0000000740000000, 0x0000000745580000, 0x0000000795580000)
  object space 87552K, 23% used [0x0000000740000000,0x00000007413f5c68,0x0000000745580000)
 Metaspace       used 14930K, capacity 15117K, committed 15488K, reserved 1062912K
  class space    used 1464K, capacity 1541K, committed 1664K, reserved 1048576K
Event: 294.387 GC heap after
Heap after GC invocations=8 (full 0):
 PSYoungGen      total 45056K, used 10751K [0x0000000795580000, 0x0000000799000000, 0x00000007c0000000)
  eden space 31232K, 0% used [0x0000000795580000,0x0000000795580000,0x0000000797400000)
  from space 13824K, 77% used [0x0000000798200000,0x0000000798c7fd68,0x0000000798f80000)
  to   space 14336K, 0% used [0x0000000797400000,0x0000000797400000,0x0000000798200000)
 ParOldGen       total 87552K, used 22257K [0x0000000740000000, 0x0000000745580000, 0x0000000795580000)
  object space 87552K, 25% used [0x0000000740000000,0x00000007415bc778,0x0000000745580000)
 Metaspace       used 14930K, capacity 15117K, committed 15488K, reserved 1062912K
  class space    used 1464K, capacity 1541K, committed 1664K, reserved 1048576K
}

